<?xml version="1.0" encoding="UTF-8"?>
<testsuite xmlns:xsi="http://www.w3.org/2001/XMLSchema-instance" xsi:noNamespaceSchemaLocation="https://maven.apache.org/surefire/maven-surefire-plugin/xsd/surefire-test-report-3.0.xsd" version="3.0" name="padroescomportamentais.state.TarefaTest" time="0.157" tests="24" errors="0" skipped="0" failures="0">
  <properties>
[...]
</properties>
  <testcase name="naoDevePausarEmEspera" classname="padroescomportamentais.state.TarefaTest" time="0.043"/>
  <testcase name="deveAtrasarEmEspera" classname="padroescomportamentais.state.TarefaTest" time="0.005"/>
  <testcase name="naoDeveIniciarConcluido" classname="padroescomportamentais.state.TarefaTest" time="0.004"/>
  <testcase name="deveCancelarEmEspera" classname="padroescomportamentais.state.TarefaTest" time="0.002"/>
  <testcase name="naoDeveIniciarEmProgresso" classname="padroescomportamentais.state.TarefaTest" time="0.002"/>
  <testcase name="naoDeveNadaCanceladoExcetoReabrir" classname="padroescomportamentais.state.TarefaTest" time="0.002"/>
  <testcase name="naoDeveConcluirConcluido" classname="padroescomportamentais.state.TarefaTest" time="0.002"/>
  <testcase name="naoDeveReabrirEmProgresso" classname="padroescomportamentais.state.TarefaTest" time="0.002"/>
  <testcase name="naoDevePausarConcluido" classname="padroescomportamentais.state.TarefaTest" time="0.001"/>
  <testcase name="deveConcluirEmProgresso" classname="padroescomportamentais.state.TarefaTest" time="0.001"/>
  <testcase name="deveCancelarAtrasado" classname="padroescomportamentais.state.TarefaTest" time="0.003"/>
  <testcase name="naoDeveReabrirTarefaNova" classname="padroescomportamentais.state.TarefaTest" time="0.003"/>
  <testcase name="deveIniciarTarefaNova" classname="padroescomportamentais.state.TarefaTest" time="0.004"/>
  <testcase name="deveAtrasarEmProgresso" classname="padroescomportamentais.state.TarefaTest" time="0.001"/>
  <testcase name="devePausarEmProgresso" classname="padroescomportamentais.state.TarefaTest" time="0.002"/>
  <testcase name="naoDeveConcluirTarefaNova" classname="padroescomportamentais.state.TarefaTest" time="0.001"/>
  <testcase name="deveReabrirConcluido" classname="padroescomportamentais.state.TarefaTest" time="0.001"/>
  <testcase name="deveIniciarEmEspera" classname="padroescomportamentais.state.TarefaTest" time="0.001"/>
  <testcase name="naoDeveConcluirEmEspera" classname="padroescomportamentais.state.TarefaTest" time="0.003"/>
  <testcase name="deveCancelarTarefaNova" classname="padroescomportamentais.state.TarefaTest" time="0.0"/>
  <testcase name="deveIniciarAtrasado" classname="padroescomportamentais.state.TarefaTest" time="0.002"/>
  <testcase name="devePausarTarefaNova" classname="padroescomportamentais.state.TarefaTest" time="0.002"/>
  <testcase name="deveCancelarEmProgresso" classname="padroescomportamentais.state.TarefaTest" time="0.001"/>
  <testcase name="deveAtrasarTarefaNova" classname="padroescomportamentais.state.TarefaTest" time="0.001"/>
</testsuite>